CRITICAL - 2023-10-01 00:12:48 --> Undefined variable $products
in APPPATH\Views\admin\inc\products.php on line 24.
 1 APPPATH\Views\admin\inc\products.php(24): CodeIgniter\Debug\Exceptions->errorHandler(2, 'Undefined variable $products', 'C:\\laragon\\www\\laboratory3\\app\\Views\\admin\\inc\\products.php', 24)
 2 SYSTEMPATH\View\View.php(226): include('C:\\laragon\\www\\laboratory3\\app\\Views\\admin\\inc\\products.php')
 3 SYSTEMPATH\View\View.php(229): CodeIgniter\View\View->CodeIgniter\View\{closure}()
 4 SYSTEMPATH\View\View.php(467): CodeIgniter\View\View->render('admin/inc/products', null, true)
 5 APPPATH\Views\admin\index.php(4): CodeIgniter\View\View->include('admin/inc/products')
 6 SYSTEMPATH\View\View.php(226): include('C:\\laragon\\www\\laboratory3\\app\\Views\\admin\\index.php')
 7 SYSTEMPATH\View\View.php(229): CodeIgniter\View\View->CodeIgniter\View\{closure}()
 8 SYSTEMPATH\Common.php(1188): CodeIgniter\View\View->render('/admin/index', [], true)
 9 APPPATH\Controllers\AdminController.php(11): view('/admin/index')
10 SYSTEMPATH\CodeIgniter.php(919): App\Controllers\AdminController->admin()
11 SYSTEMPATH\CodeIgniter.php(494): CodeIgniter\CodeIgniter->runController(Object(App\Controllers\AdminController))
12 SYSTEMPATH\CodeIgniter.php(353): CodeIgniter\CodeIgniter->handleRequest(null, Object(Config\Cache), false)
13 FCPATH\index.php(79): CodeIgniter\CodeIgniter->run()
14 SYSTEMPATH\Commands\Server\rewrite.php(47): require_once('C:\\laragon\\www\\laboratory3\\public\\index.php')
CRITICAL - 2023-10-01 00:18:00 --> Undefined variable $products
in APPPATH\Views\admin\inc\products.php on line 24.
 1 APPPATH\Views\admin\inc\products.php(24): CodeIgniter\Debug\Exceptions->errorHandler(2, 'Undefined variable $products', 'C:\\laragon\\www\\laboratory3\\app\\Views\\admin\\inc\\products.php', 24)
 2 SYSTEMPATH\View\View.php(226): include('C:\\laragon\\www\\laboratory3\\app\\Views\\admin\\inc\\products.php')
 3 SYSTEMPATH\View\View.php(229): CodeIgniter\View\View->CodeIgniter\View\{closure}()
 4 SYSTEMPATH\View\View.php(467): CodeIgniter\View\View->render('admin/inc/products', null, true)
 5 APPPATH\Views\admin\index.php(4): CodeIgniter\View\View->include('admin/inc/products')
 6 SYSTEMPATH\View\View.php(226): include('C:\\laragon\\www\\laboratory3\\app\\Views\\admin\\index.php')
 7 SYSTEMPATH\View\View.php(229): CodeIgniter\View\View->CodeIgniter\View\{closure}()
 8 SYSTEMPATH\Common.php(1188): CodeIgniter\View\View->render('/admin/index', [], true)
 9 APPPATH\Controllers\AdminController.php(62): view('/admin/index')
10 SYSTEMPATH\CodeIgniter.php(919): App\Controllers\AdminController->admin()
11 SYSTEMPATH\CodeIgniter.php(494): CodeIgniter\CodeIgniter->runController(Object(App\Controllers\AdminController))
12 SYSTEMPATH\CodeIgniter.php(353): CodeIgniter\CodeIgniter->handleRequest(null, Object(Config\Cache), false)
13 FCPATH\index.php(79): CodeIgniter\CodeIgniter->run()
14 SYSTEMPATH\Commands\Server\rewrite.php(47): require_once('C:\\laragon\\www\\laboratory3\\public\\index.php')
CRITICAL - 2023-10-01 00:20:54 --> Undefined variable $products
in APPPATH\Views\admin\inc\products.php on line 27.
 1 APPPATH\Views\admin\inc\products.php(27): CodeIgniter\Debug\Exceptions->errorHandler(2, 'Undefined variable $products', 'C:\\laragon\\www\\laboratory3\\app\\Views\\admin\\inc\\products.php', 27)
 2 SYSTEMPATH\View\View.php(226): include('C:\\laragon\\www\\laboratory3\\app\\Views\\admin\\inc\\products.php')
 3 SYSTEMPATH\View\View.php(229): CodeIgniter\View\View->CodeIgniter\View\{closure}()
 4 SYSTEMPATH\View\View.php(467): CodeIgniter\View\View->render('admin/inc/products', null, true)
 5 APPPATH\Views\admin\index.php(4): CodeIgniter\View\View->include('admin/inc/products')
 6 SYSTEMPATH\View\View.php(226): include('C:\\laragon\\www\\laboratory3\\app\\Views\\admin\\index.php')
 7 SYSTEMPATH\View\View.php(229): CodeIgniter\View\View->CodeIgniter\View\{closure}()
 8 SYSTEMPATH\Common.php(1188): CodeIgniter\View\View->render('/admin/index', [], true)
 9 APPPATH\Controllers\AdminController.php(62): view('/admin/index')
10 SYSTEMPATH\CodeIgniter.php(919): App\Controllers\AdminController->admin()
11 SYSTEMPATH\CodeIgniter.php(494): CodeIgniter\CodeIgniter->runController(Object(App\Controllers\AdminController))
12 SYSTEMPATH\CodeIgniter.php(353): CodeIgniter\CodeIgniter->handleRequest(null, Object(Config\Cache), false)
13 FCPATH\index.php(79): CodeIgniter\CodeIgniter->run()
14 SYSTEMPATH\Commands\Server\rewrite.php(47): require_once('C:\\laragon\\www\\laboratory3\\public\\index.php')
CRITICAL - 2023-10-01 00:26:07 --> Undefined variable $products
in APPPATH\Views\admin\inc\products.php on line 27.
 1 APPPATH\Views\admin\inc\products.php(27): CodeIgniter\Debug\Exceptions->errorHandler(2, 'Undefined variable $products', 'C:\\laragon\\www\\laboratory3\\app\\Views\\admin\\inc\\products.php', 27)
 2 SYSTEMPATH\View\View.php(226): include('C:\\laragon\\www\\laboratory3\\app\\Views\\admin\\inc\\products.php')
 3 SYSTEMPATH\View\View.php(229): CodeIgniter\View\View->CodeIgniter\View\{closure}()
 4 SYSTEMPATH\View\View.php(467): CodeIgniter\View\View->render('admin/inc/products', null, true)
 5 APPPATH\Views\admin\index.php(4): CodeIgniter\View\View->include('admin/inc/products')
 6 SYSTEMPATH\View\View.php(226): include('C:\\laragon\\www\\laboratory3\\app\\Views\\admin\\index.php')
 7 SYSTEMPATH\View\View.php(229): CodeIgniter\View\View->CodeIgniter\View\{closure}()
 8 SYSTEMPATH\Common.php(1188): CodeIgniter\View\View->render('/admin/index', [], true)
 9 APPPATH\Controllers\AdminController.php(63): view('/admin/index')
10 SYSTEMPATH\CodeIgniter.php(919): App\Controllers\AdminController->admin()
11 SYSTEMPATH\CodeIgniter.php(494): CodeIgniter\CodeIgniter->runController(Object(App\Controllers\AdminController))
12 SYSTEMPATH\CodeIgniter.php(353): CodeIgniter\CodeIgniter->handleRequest(null, Object(Config\Cache), false)
13 FCPATH\index.php(79): CodeIgniter\CodeIgniter->run()
14 SYSTEMPATH\Commands\Server\rewrite.php(47): require_once('C:\\laragon\\www\\laboratory3\\public\\index.php')
CRITICAL - 2023-10-01 00:26:11 --> Undefined variable $products
in APPPATH\Views\admin\inc\products.php on line 27.
 1 APPPATH\Views\admin\inc\products.php(27): CodeIgniter\Debug\Exceptions->errorHandler(2, 'Undefined variable $products', 'C:\\laragon\\www\\laboratory3\\app\\Views\\admin\\inc\\products.php', 27)
 2 SYSTEMPATH\View\View.php(226): include('C:\\laragon\\www\\laboratory3\\app\\Views\\admin\\inc\\products.php')
 3 SYSTEMPATH\View\View.php(229): CodeIgniter\View\View->CodeIgniter\View\{closure}()
 4 SYSTEMPATH\View\View.php(467): CodeIgniter\View\View->render('admin/inc/products', null, true)
 5 APPPATH\Views\admin\index.php(4): CodeIgniter\View\View->include('admin/inc/products')
 6 SYSTEMPATH\View\View.php(226): include('C:\\laragon\\www\\laboratory3\\app\\Views\\admin\\index.php')
 7 SYSTEMPATH\View\View.php(229): CodeIgniter\View\View->CodeIgniter\View\{closure}()
 8 SYSTEMPATH\Common.php(1188): CodeIgniter\View\View->render('/admin/index', [], true)
 9 APPPATH\Controllers\AdminController.php(63): view('/admin/index')
10 SYSTEMPATH\CodeIgniter.php(919): App\Controllers\AdminController->admin()
11 SYSTEMPATH\CodeIgniter.php(494): CodeIgniter\CodeIgniter->runController(Object(App\Controllers\AdminController))
12 SYSTEMPATH\CodeIgniter.php(353): CodeIgniter\CodeIgniter->handleRequest(null, Object(Config\Cache), false)
13 FCPATH\index.php(79): CodeIgniter\CodeIgniter->run()
14 SYSTEMPATH\Commands\Server\rewrite.php(47): require_once('C:\\laragon\\www\\laboratory3\\public\\index.php')
CRITICAL - 2023-10-01 03:43:19 --> Undefined variable $products
in APPPATH\Views\admin\inc\products.php on line 27.
 1 APPPATH\Views\admin\inc\products.php(27): CodeIgniter\Debug\Exceptions->errorHandler(2, 'Undefined variable $products', 'C:\\laragon\\www\\laboratory3\\app\\Views\\admin\\inc\\products.php', 27)
 2 SYSTEMPATH\View\View.php(226): include('C:\\laragon\\www\\laboratory3\\app\\Views\\admin\\inc\\products.php')
 3 SYSTEMPATH\View\View.php(229): CodeIgniter\View\View->CodeIgniter\View\{closure}()
 4 SYSTEMPATH\View\View.php(467): CodeIgniter\View\View->render('admin/inc/products', null, true)
 5 APPPATH\Views\admin\index.php(4): CodeIgniter\View\View->include('admin/inc/products')
 6 SYSTEMPATH\View\View.php(226): include('C:\\laragon\\www\\laboratory3\\app\\Views\\admin\\index.php')
 7 SYSTEMPATH\View\View.php(229): CodeIgniter\View\View->CodeIgniter\View\{closure}()
 8 SYSTEMPATH\Common.php(1188): CodeIgniter\View\View->render('/admin/index', [], true)
 9 APPPATH\Controllers\AdminController.php(59): view('/admin/index')
10 SYSTEMPATH\CodeIgniter.php(919): App\Controllers\AdminController->admin()
11 SYSTEMPATH\CodeIgniter.php(494): CodeIgniter\CodeIgniter->runController(Object(App\Controllers\AdminController))
12 SYSTEMPATH\CodeIgniter.php(353): CodeIgniter\CodeIgniter->handleRequest(null, Object(Config\Cache), false)
13 FCPATH\index.php(79): CodeIgniter\CodeIgniter->run()
14 SYSTEMPATH\Commands\Server\rewrite.php(47): require_once('C:\\laragon\\www\\laboratory3\\public\\index.php')
CRITICAL - 2023-10-01 03:45:19 --> Undefined variable $products
in APPPATH\Views\admin\inc\products.php on line 27.
 1 APPPATH\Views\admin\inc\products.php(27): CodeIgniter\Debug\Exceptions->errorHandler(2, 'Undefined variable $products', 'C:\\laragon\\www\\laboratory3\\app\\Views\\admin\\inc\\products.php', 27)
 2 SYSTEMPATH\View\View.php(226): include('C:\\laragon\\www\\laboratory3\\app\\Views\\admin\\inc\\products.php')
 3 SYSTEMPATH\View\View.php(229): CodeIgniter\View\View->CodeIgniter\View\{closure}()
 4 SYSTEMPATH\View\View.php(467): CodeIgniter\View\View->render('admin/inc/products', null, true)
 5 APPPATH\Views\admin\index.php(4): CodeIgniter\View\View->include('admin/inc/products')
 6 SYSTEMPATH\View\View.php(226): include('C:\\laragon\\www\\laboratory3\\app\\Views\\admin\\index.php')
 7 SYSTEMPATH\View\View.php(229): CodeIgniter\View\View->CodeIgniter\View\{closure}()
 8 SYSTEMPATH\Common.php(1188): CodeIgniter\View\View->render('/admin/index', [], true)
 9 APPPATH\Controllers\AdminController.php(59): view('/admin/index')
10 SYSTEMPATH\CodeIgniter.php(919): App\Controllers\AdminController->admin()
11 SYSTEMPATH\CodeIgniter.php(494): CodeIgniter\CodeIgniter->runController(Object(App\Controllers\AdminController))
12 SYSTEMPATH\CodeIgniter.php(353): CodeIgniter\CodeIgniter->handleRequest(null, Object(Config\Cache), false)
13 FCPATH\index.php(79): CodeIgniter\CodeIgniter->run()
14 SYSTEMPATH\Commands\Server\rewrite.php(47): require_once('C:\\laragon\\www\\laboratory3\\public\\index.php')
CRITICAL - 2023-10-01 03:46:55 --> Undefined variable $products
in APPPATH\Views\admin\inc\products.php on line 27.
 1 APPPATH\Views\admin\inc\products.php(27): CodeIgniter\Debug\Exceptions->errorHandler(2, 'Undefined variable $products', 'C:\\laragon\\www\\laboratory3\\app\\Views\\admin\\inc\\products.php', 27)
 2 SYSTEMPATH\View\View.php(226): include('C:\\laragon\\www\\laboratory3\\app\\Views\\admin\\inc\\products.php')
 3 SYSTEMPATH\View\View.php(229): CodeIgniter\View\View->CodeIgniter\View\{closure}()
 4 SYSTEMPATH\View\View.php(467): CodeIgniter\View\View->render('admin/inc/products', null, true)
 5 APPPATH\Views\admin\index.php(4): CodeIgniter\View\View->include('admin/inc/products')
 6 SYSTEMPATH\View\View.php(226): include('C:\\laragon\\www\\laboratory3\\app\\Views\\admin\\index.php')
 7 SYSTEMPATH\View\View.php(229): CodeIgniter\View\View->CodeIgniter\View\{closure}()
 8 SYSTEMPATH\Common.php(1188): CodeIgniter\View\View->render('/admin/index', [], true)
 9 APPPATH\Controllers\AdminController.php(62): view('/admin/index')
10 SYSTEMPATH\CodeIgniter.php(919): App\Controllers\AdminController->admin()
11 SYSTEMPATH\CodeIgniter.php(494): CodeIgniter\CodeIgniter->runController(Object(App\Controllers\AdminController))
12 SYSTEMPATH\CodeIgniter.php(353): CodeIgniter\CodeIgniter->handleRequest(null, Object(Config\Cache), false)
13 FCPATH\index.php(79): CodeIgniter\CodeIgniter->run()
14 SYSTEMPATH\Commands\Server\rewrite.php(47): require_once('C:\\laragon\\www\\laboratory3\\public\\index.php')
CRITICAL - 2023-10-01 03:47:00 --> Undefined variable $products
in APPPATH\Views\admin\inc\products.php on line 27.
 1 APPPATH\Views\admin\inc\products.php(27): CodeIgniter\Debug\Exceptions->errorHandler(2, 'Undefined variable $products', 'C:\\laragon\\www\\laboratory3\\app\\Views\\admin\\inc\\products.php', 27)
 2 SYSTEMPATH\View\View.php(226): include('C:\\laragon\\www\\laboratory3\\app\\Views\\admin\\inc\\products.php')
 3 SYSTEMPATH\View\View.php(229): CodeIgniter\View\View->CodeIgniter\View\{closure}()
 4 SYSTEMPATH\View\View.php(467): CodeIgniter\View\View->render('admin/inc/products', null, true)
 5 APPPATH\Views\admin\index.php(4): CodeIgniter\View\View->include('admin/inc/products')
 6 SYSTEMPATH\View\View.php(226): include('C:\\laragon\\www\\laboratory3\\app\\Views\\admin\\index.php')
 7 SYSTEMPATH\View\View.php(229): CodeIgniter\View\View->CodeIgniter\View\{closure}()
 8 SYSTEMPATH\Common.php(1188): CodeIgniter\View\View->render('/admin/index', [], true)
 9 APPPATH\Controllers\AdminController.php(62): view('/admin/index')
10 SYSTEMPATH\CodeIgniter.php(919): App\Controllers\AdminController->admin()
11 SYSTEMPATH\CodeIgniter.php(494): CodeIgniter\CodeIgniter->runController(Object(App\Controllers\AdminController))
12 SYSTEMPATH\CodeIgniter.php(353): CodeIgniter\CodeIgniter->handleRequest(null, Object(Config\Cache), false)
13 FCPATH\index.php(79): CodeIgniter\CodeIgniter->run()
14 SYSTEMPATH\Commands\Server\rewrite.php(47): require_once('C:\\laragon\\www\\laboratory3\\public\\index.php')
CRITICAL - 2023-10-01 03:47:43 --> Undefined array key "quantity"
in APPPATH\Views\admin\inc\products.php on line 34.
 1 APPPATH\Views\admin\inc\products.php(34): CodeIgniter\Debug\Exceptions->errorHandler(2, 'Undefined array key "quantity"', 'C:\\laragon\\www\\laboratory3\\app\\Views\\admin\\inc\\products.php', 34)
 2 SYSTEMPATH\View\View.php(226): include('C:\\laragon\\www\\laboratory3\\app\\Views\\admin\\inc\\products.php')
 3 SYSTEMPATH\View\View.php(229): CodeIgniter\View\View->CodeIgniter\View\{closure}()
 4 SYSTEMPATH\View\View.php(467): CodeIgniter\View\View->render('admin/inc/products', null, true)
 5 APPPATH\Views\admin\index.php(4): CodeIgniter\View\View->include('admin/inc/products')
 6 SYSTEMPATH\View\View.php(226): include('C:\\laragon\\www\\laboratory3\\app\\Views\\admin\\index.php')
 7 SYSTEMPATH\View\View.php(229): CodeIgniter\View\View->CodeIgniter\View\{closure}()
 8 SYSTEMPATH\Common.php(1188): CodeIgniter\View\View->render('/admin/index', [], true)
 9 APPPATH\Controllers\AdminController.php(61): view('/admin/index', [...])
10 SYSTEMPATH\CodeIgniter.php(919): App\Controllers\AdminController->admin()
11 SYSTEMPATH\CodeIgniter.php(494): CodeIgniter\CodeIgniter->runController(Object(App\Controllers\AdminController))
12 SYSTEMPATH\CodeIgniter.php(353): CodeIgniter\CodeIgniter->handleRequest(null, Object(Config\Cache), false)
13 FCPATH\index.php(79): CodeIgniter\CodeIgniter->run()
14 SYSTEMPATH\Commands\Server\rewrite.php(47): require_once('C:\\laragon\\www\\laboratory3\\public\\index.php')
CRITICAL - 2023-10-01 03:48:40 --> Undefined array key "Id"
in APPPATH\Views\admin\inc\products.php on line 35.
 1 APPPATH\Views\admin\inc\products.php(35): CodeIgniter\Debug\Exceptions->errorHandler(2, 'Undefined array key "Id"', 'C:\\laragon\\www\\laboratory3\\app\\Views\\admin\\inc\\products.php', 35)
 2 SYSTEMPATH\View\View.php(226): include('C:\\laragon\\www\\laboratory3\\app\\Views\\admin\\inc\\products.php')
 3 SYSTEMPATH\View\View.php(229): CodeIgniter\View\View->CodeIgniter\View\{closure}()
 4 SYSTEMPATH\View\View.php(467): CodeIgniter\View\View->render('admin/inc/products', null, true)
 5 APPPATH\Views\admin\index.php(4): CodeIgniter\View\View->include('admin/inc/products')
 6 SYSTEMPATH\View\View.php(226): include('C:\\laragon\\www\\laboratory3\\app\\Views\\admin\\index.php')
 7 SYSTEMPATH\View\View.php(229): CodeIgniter\View\View->CodeIgniter\View\{closure}()
 8 SYSTEMPATH\Common.php(1188): CodeIgniter\View\View->render('/admin/index', [], true)
 9 APPPATH\Controllers\AdminController.php(61): view('/admin/index', [...])
10 SYSTEMPATH\CodeIgniter.php(919): App\Controllers\AdminController->admin()
11 SYSTEMPATH\CodeIgniter.php(494): CodeIgniter\CodeIgniter->runController(Object(App\Controllers\AdminController))
12 SYSTEMPATH\CodeIgniter.php(353): CodeIgniter\CodeIgniter->handleRequest(null, Object(Config\Cache), false)
13 FCPATH\index.php(79): CodeIgniter\CodeIgniter->run()
14 SYSTEMPATH\Commands\Server\rewrite.php(47): require_once('C:\\laragon\\www\\laboratory3\\public\\index.php')
CRITICAL - 2023-10-01 05:13:07 --> Invalid file: "/admin.php"
in SYSTEMPATH\Exceptions\FrameworkException.php on line 39.
 1 SYSTEMPATH\View\View.php(214): CodeIgniter\Exceptions\FrameworkException::forInvalidFile('/admin.php')
 2 SYSTEMPATH\Common.php(1188): CodeIgniter\View\View->render('/admin', [], true)
 3 APPPATH\Controllers\AdminController.php(26): view('/admin', [...])
 4 SYSTEMPATH\CodeIgniter.php(919): App\Controllers\AdminController->edit('10')
 5 SYSTEMPATH\CodeIgniter.php(494): CodeIgniter\CodeIgniter->runController(Object(App\Controllers\AdminController))
 6 SYSTEMPATH\CodeIgniter.php(353): CodeIgniter\CodeIgniter->handleRequest(null, Object(Config\Cache), false)
 7 FCPATH\index.php(79): CodeIgniter\CodeIgniter->run()
 8 SYSTEMPATH\Commands\Server\rewrite.php(47): require_once('C:\\laragon\\www\\laboratory3\\public\\index.php')
CRITICAL - 2023-10-01 05:18:01 --> Invalid file: "admin.php"
in SYSTEMPATH\Exceptions\FrameworkException.php on line 39.
 1 SYSTEMPATH\View\View.php(214): CodeIgniter\Exceptions\FrameworkException::forInvalidFile('admin.php')
 2 SYSTEMPATH\Common.php(1188): CodeIgniter\View\View->render('admin', [], true)
 3 APPPATH\Controllers\AdminController.php(26): view('admin', [...])
 4 SYSTEMPATH\CodeIgniter.php(919): App\Controllers\AdminController->edit('7')
 5 SYSTEMPATH\CodeIgniter.php(494): CodeIgniter\CodeIgniter->runController(Object(App\Controllers\AdminController))
 6 SYSTEMPATH\CodeIgniter.php(353): CodeIgniter\CodeIgniter->handleRequest(null, Object(Config\Cache), false)
 7 FCPATH\index.php(79): CodeIgniter\CodeIgniter->run()
 8 SYSTEMPATH\Commands\Server\rewrite.php(47): require_once('C:\\laragon\\www\\laboratory3\\public\\index.php')
CRITICAL - 2023-10-01 05:20:01 --> Invalid file: "admin.php"
in SYSTEMPATH\Exceptions\FrameworkException.php on line 39.
 1 SYSTEMPATH\View\View.php(214): CodeIgniter\Exceptions\FrameworkException::forInvalidFile('admin.php')
 2 SYSTEMPATH\Common.php(1188): CodeIgniter\View\View->render('admin', [], true)
 3 APPPATH\Controllers\AdminController.php(26): view('admin', [...])
 4 SYSTEMPATH\CodeIgniter.php(919): App\Controllers\AdminController->edit('10')
 5 SYSTEMPATH\CodeIgniter.php(494): CodeIgniter\CodeIgniter->runController(Object(App\Controllers\AdminController))
 6 SYSTEMPATH\CodeIgniter.php(353): CodeIgniter\CodeIgniter->handleRequest(null, Object(Config\Cache), false)
 7 FCPATH\index.php(79): CodeIgniter\CodeIgniter->run()
 8 SYSTEMPATH\Commands\Server\rewrite.php(47): require_once('C:\\laragon\\www\\laboratory3\\public\\index.php')
CRITICAL - 2023-10-01 05:22:49 --> Undefined variable $products
in APPPATH\Views\admin\inc\products.php on line 38.
 1 APPPATH\Views\admin\inc\products.php(38): CodeIgniter\Debug\Exceptions->errorHandler(2, 'Undefined variable $products', 'C:\\laragon\\www\\laboratory3\\app\\Views\\admin\\inc\\products.php', 38)
 2 SYSTEMPATH\View\View.php(226): include('C:\\laragon\\www\\laboratory3\\app\\Views\\admin\\inc\\products.php')
 3 SYSTEMPATH\View\View.php(229): CodeIgniter\View\View->CodeIgniter\View\{closure}()
 4 SYSTEMPATH\View\View.php(467): CodeIgniter\View\View->render('admin/inc/products', null, true)
 5 APPPATH\Views\admin\index.php(4): CodeIgniter\View\View->include('admin/inc/products')
 6 SYSTEMPATH\View\View.php(226): include('C:\\laragon\\www\\laboratory3\\app\\Views\\admin\\index.php')
 7 SYSTEMPATH\View\View.php(229): CodeIgniter\View\View->CodeIgniter\View\{closure}()
 8 SYSTEMPATH\Common.php(1188): CodeIgniter\View\View->render('/admin/index', [], true)
 9 APPPATH\Controllers\AdminController.php(46): view('/admin/index', [...])
10 SYSTEMPATH\CodeIgniter.php(919): App\Controllers\AdminController->save()
11 SYSTEMPATH\CodeIgniter.php(494): CodeIgniter\CodeIgniter->runController(Object(App\Controllers\AdminController))
12 SYSTEMPATH\CodeIgniter.php(353): CodeIgniter\CodeIgniter->handleRequest(null, Object(Config\Cache), false)
13 FCPATH\index.php(79): CodeIgniter\CodeIgniter->run()
14 SYSTEMPATH\Commands\Server\rewrite.php(47): require_once('C:\\laragon\\www\\laboratory3\\public\\index.php')
CRITICAL - 2023-10-01 05:23:55 --> Invalid file: "admin.php"
in SYSTEMPATH\Exceptions\FrameworkException.php on line 39.
 1 SYSTEMPATH\View\View.php(214): CodeIgniter\Exceptions\FrameworkException::forInvalidFile('admin.php')
 2 SYSTEMPATH\Common.php(1188): CodeIgniter\View\View->render('admin', [], true)
 3 APPPATH\Controllers\AdminController.php(26): view('admin', [...])
 4 SYSTEMPATH\CodeIgniter.php(919): App\Controllers\AdminController->edit('12')
 5 SYSTEMPATH\CodeIgniter.php(494): CodeIgniter\CodeIgniter->runController(Object(App\Controllers\AdminController))
 6 SYSTEMPATH\CodeIgniter.php(353): CodeIgniter\CodeIgniter->handleRequest(null, Object(Config\Cache), false)
 7 FCPATH\index.php(79): CodeIgniter\CodeIgniter->run()
 8 SYSTEMPATH\Commands\Server\rewrite.php(47): require_once('C:\\laragon\\www\\laboratory3\\public\\index.php')
CRITICAL - 2023-10-01 05:45:22 --> Invalid file: "admin.php"
in SYSTEMPATH\Exceptions\FrameworkException.php on line 39.
 1 SYSTEMPATH\View\View.php(214): CodeIgniter\Exceptions\FrameworkException::forInvalidFile('admin.php')
 2 SYSTEMPATH\Common.php(1188): CodeIgniter\View\View->render('admin', [], true)
 3 APPPATH\Controllers\AdminController.php(26): view('admin', [...])
 4 SYSTEMPATH\CodeIgniter.php(919): App\Controllers\AdminController->edit('14')
 5 SYSTEMPATH\CodeIgniter.php(494): CodeIgniter\CodeIgniter->runController(Object(App\Controllers\AdminController))
 6 SYSTEMPATH\CodeIgniter.php(353): CodeIgniter\CodeIgniter->handleRequest(null, Object(Config\Cache), false)
 7 FCPATH\index.php(79): CodeIgniter\CodeIgniter->run()
 8 SYSTEMPATH\Commands\Server\rewrite.php(47): require_once('C:\\laragon\\www\\laboratory3\\public\\index.php')
CRITICAL - 2023-10-01 11:19:52 --> Invalid file: "admin.php"
in SYSTEMPATH\Exceptions\FrameworkException.php on line 39.
 1 SYSTEMPATH\View\View.php(214): CodeIgniter\Exceptions\FrameworkException::forInvalidFile('admin.php')
 2 SYSTEMPATH\Common.php(1188): CodeIgniter\View\View->render('admin', [], true)
 3 APPPATH\Controllers\AdminController.php(26): view('admin', [...])
 4 SYSTEMPATH\CodeIgniter.php(919): App\Controllers\AdminController->edit('2')
 5 SYSTEMPATH\CodeIgniter.php(494): CodeIgniter\CodeIgniter->runController(Object(App\Controllers\AdminController))
 6 SYSTEMPATH\CodeIgniter.php(353): CodeIgniter\CodeIgniter->handleRequest(null, Object(Config\Cache), false)
 7 FCPATH\index.php(79): CodeIgniter\CodeIgniter->run()
 8 SYSTEMPATH\Commands\Server\rewrite.php(47): require_once('C:\\laragon\\www\\laboratory3\\public\\index.php')
CRITICAL - 2023-10-01 11:51:43 --> Invalid file: "/admin/indexad.php"
in SYSTEMPATH\Exceptions\FrameworkException.php on line 39.
 1 SYSTEMPATH\View\View.php(214): CodeIgniter\Exceptions\FrameworkException::forInvalidFile('/admin/indexad.php')
 2 SYSTEMPATH\Common.php(1188): CodeIgniter\View\View->render('/admin/indexad', [], true)
 3 APPPATH\Controllers\AdminController.php(65): view('/admin/indexad', [...])
 4 SYSTEMPATH\CodeIgniter.php(919): App\Controllers\AdminController->admin()
 5 SYSTEMPATH\CodeIgniter.php(494): CodeIgniter\CodeIgniter->runController(Object(App\Controllers\AdminController))
 6 SYSTEMPATH\CodeIgniter.php(353): CodeIgniter\CodeIgniter->handleRequest(null, Object(Config\Cache), false)
 7 FCPATH\index.php(79): CodeIgniter\CodeIgniter->run()
 8 SYSTEMPATH\Commands\Server\rewrite.php(47): require_once('C:\\laragon\\www\\laboratory3\\public\\index.php')
CRITICAL - 2023-10-01 11:52:11 --> Invalid file: "/admin.php"
in SYSTEMPATH\Exceptions\FrameworkException.php on line 39.
 1 SYSTEMPATH\View\View.php(214): CodeIgniter\Exceptions\FrameworkException::forInvalidFile('/admin.php')
 2 SYSTEMPATH\Common.php(1188): CodeIgniter\View\View->render('/admin', [], true)
 3 APPPATH\Controllers\AdminController.php(65): view('/admin', [...])
 4 SYSTEMPATH\CodeIgniter.php(919): App\Controllers\AdminController->admin()
 5 SYSTEMPATH\CodeIgniter.php(494): CodeIgniter\CodeIgniter->runController(Object(App\Controllers\AdminController))
 6 SYSTEMPATH\CodeIgniter.php(353): CodeIgniter\CodeIgniter->handleRequest(null, Object(Config\Cache), false)
 7 FCPATH\index.php(79): CodeIgniter\CodeIgniter->run()
 8 SYSTEMPATH\Commands\Server\rewrite.php(47): require_once('C:\\laragon\\www\\laboratory3\\public\\index.php')
CRITICAL - 2023-10-01 11:52:29 --> Invalid file: "admin.php"
in SYSTEMPATH\Exceptions\FrameworkException.php on line 39.
 1 SYSTEMPATH\View\View.php(214): CodeIgniter\Exceptions\FrameworkException::forInvalidFile('admin.php')
 2 SYSTEMPATH\Common.php(1188): CodeIgniter\View\View->render('admin', [], true)
 3 APPPATH\Controllers\AdminController.php(65): view('admin', [...])
 4 SYSTEMPATH\CodeIgniter.php(919): App\Controllers\AdminController->admin()
 5 SYSTEMPATH\CodeIgniter.php(494): CodeIgniter\CodeIgniter->runController(Object(App\Controllers\AdminController))
 6 SYSTEMPATH\CodeIgniter.php(353): CodeIgniter\CodeIgniter->handleRequest(null, Object(Config\Cache), false)
 7 FCPATH\index.php(79): CodeIgniter\CodeIgniter->run()
 8 SYSTEMPATH\Commands\Server\rewrite.php(47): require_once('C:\\laragon\\www\\laboratory3\\public\\index.php')
CRITICAL - 2023-10-01 11:56:34 --> Invalid file: "admin.php"
in SYSTEMPATH\Exceptions\FrameworkException.php on line 39.
 1 SYSTEMPATH\View\View.php(214): CodeIgniter\Exceptions\FrameworkException::forInvalidFile('admin.php')
 2 SYSTEMPATH\Common.php(1188): CodeIgniter\View\View->render('admin', [], true)
 3 APPPATH\Controllers\AdminController.php(65): view('admin', [...])
 4 SYSTEMPATH\CodeIgniter.php(919): App\Controllers\AdminController->admin()
 5 SYSTEMPATH\CodeIgniter.php(494): CodeIgniter\CodeIgniter->runController(Object(App\Controllers\AdminController))
 6 SYSTEMPATH\CodeIgniter.php(353): CodeIgniter\CodeIgniter->handleRequest(null, Object(Config\Cache), false)
 7 FCPATH\index.php(79): CodeIgniter\CodeIgniter->run()
 8 SYSTEMPATH\Commands\Server\rewrite.php(47): require_once('C:\\laragon\\www\\laboratory3\\public\\index.php')
CRITICAL - 2023-10-01 14:15:44 --> Undefined variable $data
in APPPATH\Controllers\Home.php on line 16.
 1 APPPATH\Controllers\Home.php(16): CodeIgniter\Debug\Exceptions->errorHandler(2, 'Undefined variable $data', 'C:\\laragon\\www\\laboratory3\\app\\Controllers\\Home.php', 16)
 2 SYSTEMPATH\CodeIgniter.php(919): App\Controllers\Home->login()
 3 SYSTEMPATH\CodeIgniter.php(494): CodeIgniter\CodeIgniter->runController(Object(App\Controllers\Home))
 4 SYSTEMPATH\CodeIgniter.php(353): CodeIgniter\CodeIgniter->handleRequest(null, Object(Config\Cache), false)
 5 FCPATH\index.php(79): CodeIgniter\CodeIgniter->run()
 6 SYSTEMPATH\Commands\Server\rewrite.php(47): require_once('C:\\laragon\\www\\laboratory3\\public\\index.php')
CRITICAL - 2023-10-01 15:30:11 --> Call to undefined function set_value()
in APPPATH\Views\signin.php on line 19.
 1 SYSTEMPATH\View\View.php(226): include()
 2 SYSTEMPATH\View\View.php(229): CodeIgniter\View\View->CodeIgniter\View\{closure}()
 3 SYSTEMPATH\Common.php(1188): CodeIgniter\View\View->render('signin', [], true)
 4 APPPATH\Controllers\Home.php(16): view('signin')
 5 SYSTEMPATH\CodeIgniter.php(919): App\Controllers\Home->signin()
 6 SYSTEMPATH\CodeIgniter.php(494): CodeIgniter\CodeIgniter->runController(Object(App\Controllers\Home))
 7 SYSTEMPATH\CodeIgniter.php(353): CodeIgniter\CodeIgniter->handleRequest(null, Object(Config\Cache), false)
 8 FCPATH\index.php(79): CodeIgniter\CodeIgniter->run()
 9 SYSTEMPATH\Commands\Server\rewrite.php(47): require_once('C:\\laragon\\www\\laboratory3\\public\\index.php')
CRITICAL - 2023-10-01 15:36:46 --> Call to undefined function set_value()
in APPPATH\Views\signin.php on line 19.
 1 SYSTEMPATH\View\View.php(226): include()
 2 SYSTEMPATH\View\View.php(229): CodeIgniter\View\View->CodeIgniter\View\{closure}()
 3 SYSTEMPATH\Common.php(1188): CodeIgniter\View\View->render('signin', [], true)
 4 APPPATH\Controllers\Home.php(16): view('signin')
 5 SYSTEMPATH\CodeIgniter.php(919): App\Controllers\Home->signin()
 6 SYSTEMPATH\CodeIgniter.php(494): CodeIgniter\CodeIgniter->runController(Object(App\Controllers\Home))
 7 SYSTEMPATH\CodeIgniter.php(353): CodeIgniter\CodeIgniter->handleRequest(null, Object(Config\Cache), false)
 8 FCPATH\index.php(79): CodeIgniter\CodeIgniter->run()
 9 SYSTEMPATH\Commands\Server\rewrite.php(47): require_once('C:\\laragon\\www\\laboratory3\\public\\index.php')
CRITICAL - 2023-10-01 15:37:05 --> Call to undefined function set_value()
in APPPATH\Views\signin.php on line 19.
 1 SYSTEMPATH\View\View.php(226): include()
 2 SYSTEMPATH\View\View.php(229): CodeIgniter\View\View->CodeIgniter\View\{closure}()
 3 SYSTEMPATH\Common.php(1188): CodeIgniter\View\View->render('signin', [], true)
 4 APPPATH\Controllers\Home.php(16): view('signin')
 5 SYSTEMPATH\CodeIgniter.php(919): App\Controllers\Home->signin()
 6 SYSTEMPATH\CodeIgniter.php(494): CodeIgniter\CodeIgniter->runController(Object(App\Controllers\Home))
 7 SYSTEMPATH\CodeIgniter.php(353): CodeIgniter\CodeIgniter->handleRequest(null, Object(Config\Cache), false)
 8 FCPATH\index.php(79): CodeIgniter\CodeIgniter->run()
 9 SYSTEMPATH\Commands\Server\rewrite.php(47): require_once('C:\\laragon\\www\\laboratory3\\public\\index.php')
CRITICAL - 2023-10-01 15:39:16 --> Call to undefined function set_value()
in APPPATH\Views\signin.php on line 19.
 1 SYSTEMPATH\View\View.php(226): include()
 2 SYSTEMPATH\View\View.php(229): CodeIgniter\View\View->CodeIgniter\View\{closure}()
 3 SYSTEMPATH\Common.php(1188): CodeIgniter\View\View->render('signin', [], true)
 4 APPPATH\Controllers\Home.php(16): view('signin')
 5 SYSTEMPATH\CodeIgniter.php(919): App\Controllers\Home->signin()
 6 SYSTEMPATH\CodeIgniter.php(494): CodeIgniter\CodeIgniter->runController(Object(App\Controllers\Home))
 7 SYSTEMPATH\CodeIgniter.php(353): CodeIgniter\CodeIgniter->handleRequest(null, Object(Config\Cache), false)
 8 FCPATH\index.php(79): CodeIgniter\CodeIgniter->run()
 9 SYSTEMPATH\Commands\Server\rewrite.php(47): require_once('C:\\laragon\\www\\laboratory3\\public\\index.php')
CRITICAL - 2023-10-01 15:39:30 --> Call to undefined function set_value()
in APPPATH\Views\signin.php on line 19.
 1 SYSTEMPATH\View\View.php(226): include()
 2 SYSTEMPATH\View\View.php(229): CodeIgniter\View\View->CodeIgniter\View\{closure}()
 3 SYSTEMPATH\Common.php(1188): CodeIgniter\View\View->render('signin', [], true)
 4 APPPATH\Controllers\Home.php(16): view('signin')
 5 SYSTEMPATH\CodeIgniter.php(919): App\Controllers\Home->signin()
 6 SYSTEMPATH\CodeIgniter.php(494): CodeIgniter\CodeIgniter->runController(Object(App\Controllers\Home))
 7 SYSTEMPATH\CodeIgniter.php(353): CodeIgniter\CodeIgniter->handleRequest(null, Object(Config\Cache), false)
 8 FCPATH\index.php(79): CodeIgniter\CodeIgniter->run()
 9 SYSTEMPATH\Commands\Server\rewrite.php(47): require_once('C:\\laragon\\www\\laboratory3\\public\\index.php')
CRITICAL - 2023-10-01 15:47:06 --> Class "App\Controllers\UserModel" not found
in APPPATH\Controllers\UserController.php on line 64.
 1 SYSTEMPATH\CodeIgniter.php(919): App\Controllers\UserController->register()
 2 SYSTEMPATH\CodeIgniter.php(494): CodeIgniter\CodeIgniter->runController(Object(App\Controllers\UserController))
 3 SYSTEMPATH\CodeIgniter.php(353): CodeIgniter\CodeIgniter->handleRequest(null, Object(Config\Cache), false)
 4 FCPATH\index.php(79): CodeIgniter\CodeIgniter->run()
 5 SYSTEMPATH\Commands\Server\rewrite.php(47): require_once('C:\\laragon\\www\\laboratory3\\public\\index.php')
