CRITICAL - 2023-09-30 12:21:11 --> Too few arguments to function App\Controllers\Home::detail(), 0 passed in C:\laragon\www\laboratory3\system\CodeIgniter.php on line 919 and exactly 1 expected
in APPPATH\Controllers\Home.php on line 12.
 1 SYSTEMPATH\CodeIgniter.php(919): App\Controllers\Home->detail()
 2 SYSTEMPATH\CodeIgniter.php(494): CodeIgniter\CodeIgniter->runController(Object(App\Controllers\Home))
 3 SYSTEMPATH\CodeIgniter.php(353): CodeIgniter\CodeIgniter->handleRequest(null, Object(Config\Cache), false)
 4 FCPATH\index.php(79): CodeIgniter\CodeIgniter->run()
 5 SYSTEMPATH\Commands\Server\rewrite.php(47): require_once('C:\\laragon\\www\\laboratory3\\public\\index.php')
CRITICAL - 2023-09-30 12:27:29 --> syntax error, unexpected single-quoted string "prod", expecting "]"
in APPPATH\Controllers\Home.php on line 16.
 1 SYSTEMPATH\Autoloader\Autoloader.php(285): CodeIgniter\Autoloader\Autoloader->includeFile('C:\\laragon\\www\\laboratory3\\app\\Controllers\\Home.php')
 2 SYSTEMPATH\Autoloader\Autoloader.php(263): CodeIgniter\Autoloader\Autoloader->loadInNamespace('App\\Controllers\\Home')
 3 [internal function]: CodeIgniter\Autoloader\Autoloader->loadClass('App\\Controllers\\Home')
 4 SYSTEMPATH\CodeIgniter.php(877): class_exists('\\App\\Controllers\\Home', true)
 5 SYSTEMPATH\CodeIgniter.php(481): CodeIgniter\CodeIgniter->startController()
 6 SYSTEMPATH\CodeIgniter.php(353): CodeIgniter\CodeIgniter->handleRequest(null, Object(Config\Cache), false)
 7 FCPATH\index.php(79): CodeIgniter\CodeIgniter->run()
 8 SYSTEMPATH\Commands\Server\rewrite.php(47): require_once('C:\\laragon\\www\\laboratory3\\public\\index.php')
CRITICAL - 2023-09-30 12:34:16 --> Undefined variable $product
in APPPATH\Views\inc\details.php on line 34.
 1 APPPATH\Views\inc\details.php(34): CodeIgniter\Debug\Exceptions->errorHandler(2, 'Undefined variable $product', 'C:\\laragon\\www\\laboratory3\\app\\Views\\inc\\details.php', 34)
 2 SYSTEMPATH\View\View.php(226): include('C:\\laragon\\www\\laboratory3\\app\\Views\\inc\\details.php')
 3 SYSTEMPATH\View\View.php(229): CodeIgniter\View\View->CodeIgniter\View\{closure}()
 4 SYSTEMPATH\View\View.php(467): CodeIgniter\View\View->render('/inc/details', null, true)
 5 APPPATH\Views\details.php(4): CodeIgniter\View\View->include('/inc/details')
 6 SYSTEMPATH\View\View.php(226): include('C:\\laragon\\www\\laboratory3\\app\\Views\\details.php')
 7 SYSTEMPATH\View\View.php(229): CodeIgniter\View\View->CodeIgniter\View\{closure}()
 8 SYSTEMPATH\Common.php(1188): CodeIgniter\View\View->render('details', [], true)
 9 APPPATH\Controllers\Home.php(17): view('details', [...])
10 SYSTEMPATH\CodeIgniter.php(919): App\Controllers\Home->detail()
11 SYSTEMPATH\CodeIgniter.php(494): CodeIgniter\CodeIgniter->runController(Object(App\Controllers\Home))
12 SYSTEMPATH\CodeIgniter.php(353): CodeIgniter\CodeIgniter->handleRequest(null, Object(Config\Cache), false)
13 FCPATH\index.php(79): CodeIgniter\CodeIgniter->run()
14 SYSTEMPATH\Commands\Server\rewrite.php(47): require_once('C:\\laragon\\www\\laboratory3\\public\\index.php')
CRITICAL - 2023-09-30 12:35:55 --> Undefined variable $product
in APPPATH\Views\inc\details.php on line 34.
 1 APPPATH\Views\inc\details.php(34): CodeIgniter\Debug\Exceptions->errorHandler(2, 'Undefined variable $product', 'C:\\laragon\\www\\laboratory3\\app\\Views\\inc\\details.php', 34)
 2 SYSTEMPATH\View\View.php(226): include('C:\\laragon\\www\\laboratory3\\app\\Views\\inc\\details.php')
 3 SYSTEMPATH\View\View.php(229): CodeIgniter\View\View->CodeIgniter\View\{closure}()
 4 SYSTEMPATH\View\View.php(467): CodeIgniter\View\View->render('/inc/details', null, true)
 5 APPPATH\Views\details.php(4): CodeIgniter\View\View->include('/inc/details')
 6 SYSTEMPATH\View\View.php(226): include('C:\\laragon\\www\\laboratory3\\app\\Views\\details.php')
 7 SYSTEMPATH\View\View.php(229): CodeIgniter\View\View->CodeIgniter\View\{closure}()
 8 SYSTEMPATH\Common.php(1188): CodeIgniter\View\View->render('details', [], true)
 9 APPPATH\Controllers\Home.php(17): view('details', [...])
10 SYSTEMPATH\CodeIgniter.php(919): App\Controllers\Home->detail()
11 SYSTEMPATH\CodeIgniter.php(494): CodeIgniter\CodeIgniter->runController(Object(App\Controllers\Home))
12 SYSTEMPATH\CodeIgniter.php(353): CodeIgniter\CodeIgniter->handleRequest(null, Object(Config\Cache), false)
13 FCPATH\index.php(79): CodeIgniter\CodeIgniter->run()
14 SYSTEMPATH\Commands\Server\rewrite.php(47): require_once('C:\\laragon\\www\\laboratory3\\public\\index.php')
CRITICAL - 2023-09-30 12:36:32 --> Undefined variable $product
in APPPATH\Views\inc\details.php on line 34.
 1 APPPATH\Views\inc\details.php(34): CodeIgniter\Debug\Exceptions->errorHandler(2, 'Undefined variable $product', 'C:\\laragon\\www\\laboratory3\\app\\Views\\inc\\details.php', 34)
 2 SYSTEMPATH\View\View.php(226): include('C:\\laragon\\www\\laboratory3\\app\\Views\\inc\\details.php')
 3 SYSTEMPATH\View\View.php(229): CodeIgniter\View\View->CodeIgniter\View\{closure}()
 4 SYSTEMPATH\View\View.php(467): CodeIgniter\View\View->render('/inc/details', null, true)
 5 APPPATH\Views\details.php(4): CodeIgniter\View\View->include('/inc/details')
 6 SYSTEMPATH\View\View.php(226): include('C:\\laragon\\www\\laboratory3\\app\\Views\\details.php')
 7 SYSTEMPATH\View\View.php(229): CodeIgniter\View\View->CodeIgniter\View\{closure}()
 8 SYSTEMPATH\Common.php(1188): CodeIgniter\View\View->render('details', [], true)
 9 APPPATH\Controllers\Home.php(17): view('details', [...])
10 SYSTEMPATH\CodeIgniter.php(919): App\Controllers\Home->detail()
11 SYSTEMPATH\CodeIgniter.php(494): CodeIgniter\CodeIgniter->runController(Object(App\Controllers\Home))
12 SYSTEMPATH\CodeIgniter.php(353): CodeIgniter\CodeIgniter->handleRequest(null, Object(Config\Cache), false)
13 FCPATH\index.php(79): CodeIgniter\CodeIgniter->run()
14 SYSTEMPATH\Commands\Server\rewrite.php(47): require_once('C:\\laragon\\www\\laboratory3\\public\\index.php')
CRITICAL - 2023-09-30 12:49:34 --> Undefined variable $product
in APPPATH\Views\inc\details.php on line 18.
 1 APPPATH\Views\inc\details.php(18): CodeIgniter\Debug\Exceptions->errorHandler(2, 'Undefined variable $product', 'C:\\laragon\\www\\laboratory3\\app\\Views\\inc\\details.php', 18)
 2 SYSTEMPATH\View\View.php(226): include('C:\\laragon\\www\\laboratory3\\app\\Views\\inc\\details.php')
 3 SYSTEMPATH\View\View.php(229): CodeIgniter\View\View->CodeIgniter\View\{closure}()
 4 SYSTEMPATH\View\View.php(467): CodeIgniter\View\View->render('/inc/details', null, true)
 5 APPPATH\Views\details.php(4): CodeIgniter\View\View->include('/inc/details')
 6 SYSTEMPATH\View\View.php(226): include('C:\\laragon\\www\\laboratory3\\app\\Views\\details.php')
 7 SYSTEMPATH\View\View.php(229): CodeIgniter\View\View->CodeIgniter\View\{closure}()
 8 SYSTEMPATH\Common.php(1188): CodeIgniter\View\View->render('details', [], true)
 9 APPPATH\Controllers\Home.php(17): view('details', [...])
10 SYSTEMPATH\CodeIgniter.php(919): App\Controllers\Home->detail()
11 SYSTEMPATH\CodeIgniter.php(494): CodeIgniter\CodeIgniter->runController(Object(App\Controllers\Home))
12 SYSTEMPATH\CodeIgniter.php(353): CodeIgniter\CodeIgniter->handleRequest(null, Object(Config\Cache), false)
13 FCPATH\index.php(79): CodeIgniter\CodeIgniter->run()
14 SYSTEMPATH\Commands\Server\rewrite.php(47): require_once('C:\\laragon\\www\\laboratory3\\public\\index.php')
CRITICAL - 2023-09-30 12:50:15 --> Undefined variable $product
in APPPATH\Views\inc\details.php on line 19.
 1 APPPATH\Views\inc\details.php(19): CodeIgniter\Debug\Exceptions->errorHandler(2, 'Undefined variable $product', 'C:\\laragon\\www\\laboratory3\\app\\Views\\inc\\details.php', 19)
 2 SYSTEMPATH\View\View.php(226): include('C:\\laragon\\www\\laboratory3\\app\\Views\\inc\\details.php')
 3 SYSTEMPATH\View\View.php(229): CodeIgniter\View\View->CodeIgniter\View\{closure}()
 4 SYSTEMPATH\View\View.php(467): CodeIgniter\View\View->render('/inc/details', null, true)
 5 APPPATH\Views\details.php(4): CodeIgniter\View\View->include('/inc/details')
 6 SYSTEMPATH\View\View.php(226): include('C:\\laragon\\www\\laboratory3\\app\\Views\\details.php')
 7 SYSTEMPATH\View\View.php(229): CodeIgniter\View\View->CodeIgniter\View\{closure}()
 8 SYSTEMPATH\Common.php(1188): CodeIgniter\View\View->render('details', [], true)
 9 APPPATH\Controllers\Home.php(17): view('details', [...])
10 SYSTEMPATH\CodeIgniter.php(919): App\Controllers\Home->detail()
11 SYSTEMPATH\CodeIgniter.php(494): CodeIgniter\CodeIgniter->runController(Object(App\Controllers\Home))
12 SYSTEMPATH\CodeIgniter.php(353): CodeIgniter\CodeIgniter->handleRequest(null, Object(Config\Cache), false)
13 FCPATH\index.php(79): CodeIgniter\CodeIgniter->run()
14 SYSTEMPATH\Commands\Server\rewrite.php(47): require_once('C:\\laragon\\www\\laboratory3\\public\\index.php')
CRITICAL - 2023-09-30 16:16:36 --> Undefined property: App\Controllers\AdminController::$product
in APPPATH\Controllers\AdminController.php on line 12.
 1 APPPATH\Controllers\AdminController.php(12): CodeIgniter\Debug\Exceptions->errorHandler(2, 'Undefined property: App\\Controllers\\AdminController::$product', 'C:\\laragon\\www\\laboratory3\\app\\Controllers\\AdminController.php', 12)
 2 SYSTEMPATH\CodeIgniter.php(919): App\Controllers\AdminController->admin()
 3 SYSTEMPATH\CodeIgniter.php(494): CodeIgniter\CodeIgniter->runController(Object(App\Controllers\AdminController))
 4 SYSTEMPATH\CodeIgniter.php(353): CodeIgniter\CodeIgniter->handleRequest(null, Object(Config\Cache), false)
 5 FCPATH\index.php(79): CodeIgniter\CodeIgniter->run()
 6 SYSTEMPATH\Commands\Server\rewrite.php(47): require_once('C:\\laragon\\www\\laboratory3\\public\\index.php')
CRITICAL - 2023-09-30 16:22:28 --> Undefined property: App\Controllers\AdminController::$product
in APPPATH\Controllers\AdminController.php on line 12.
 1 APPPATH\Controllers\AdminController.php(12): CodeIgniter\Debug\Exceptions->errorHandler(2, 'Undefined property: App\\Controllers\\AdminController::$product', 'C:\\laragon\\www\\laboratory3\\app\\Controllers\\AdminController.php', 12)
 2 SYSTEMPATH\CodeIgniter.php(919): App\Controllers\AdminController->admin()
 3 SYSTEMPATH\CodeIgniter.php(494): CodeIgniter\CodeIgniter->runController(Object(App\Controllers\AdminController))
 4 SYSTEMPATH\CodeIgniter.php(353): CodeIgniter\CodeIgniter->handleRequest(null, Object(Config\Cache), false)
 5 FCPATH\index.php(79): CodeIgniter\CodeIgniter->run()
 6 SYSTEMPATH\Commands\Server\rewrite.php(47): require_once('C:\\laragon\\www\\laboratory3\\public\\index.php')
CRITICAL - 2023-09-30 16:22:37 --> Undefined property: App\Controllers\AdminController::$product
in APPPATH\Controllers\AdminController.php on line 12.
 1 APPPATH\Controllers\AdminController.php(12): CodeIgniter\Debug\Exceptions->errorHandler(2, 'Undefined property: App\\Controllers\\AdminController::$product', 'C:\\laragon\\www\\laboratory3\\app\\Controllers\\AdminController.php', 12)
 2 SYSTEMPATH\CodeIgniter.php(919): App\Controllers\AdminController->admin()
 3 SYSTEMPATH\CodeIgniter.php(494): CodeIgniter\CodeIgniter->runController(Object(App\Controllers\AdminController))
 4 SYSTEMPATH\CodeIgniter.php(353): CodeIgniter\CodeIgniter->handleRequest(null, Object(Config\Cache), false)
 5 FCPATH\index.php(79): CodeIgniter\CodeIgniter->run()
 6 SYSTEMPATH\Commands\Server\rewrite.php(47): require_once('C:\\laragon\\www\\laboratory3\\public\\index.php')
CRITICAL - 2023-09-30 16:23:14 --> Undefined property: App\Controllers\AdminController::$product
in APPPATH\Controllers\AdminController.php on line 12.
 1 APPPATH\Controllers\AdminController.php(12): CodeIgniter\Debug\Exceptions->errorHandler(2, 'Undefined property: App\\Controllers\\AdminController::$product', 'C:\\laragon\\www\\laboratory3\\app\\Controllers\\AdminController.php', 12)
 2 SYSTEMPATH\CodeIgniter.php(919): App\Controllers\AdminController->admin()
 3 SYSTEMPATH\CodeIgniter.php(494): CodeIgniter\CodeIgniter->runController(Object(App\Controllers\AdminController))
 4 SYSTEMPATH\CodeIgniter.php(353): CodeIgniter\CodeIgniter->handleRequest(null, Object(Config\Cache), false)
 5 FCPATH\index.php(79): CodeIgniter\CodeIgniter->run()
 6 SYSTEMPATH\Commands\Server\rewrite.php(47): require_once('C:\\laragon\\www\\laboratory3\\public\\index.php')
